<?xml version="1.0" encoding="GBK"?>
<beans xmlns="http://www.springframework.org/schema/beans"
	xmlns:xsi="http://www.w3.org/2001/XMLSchema-instance"
	xsi:schemaLocation="http://www.springframework.org/schema/beans http://www.springframework.org/schema/beans/spring-beans-2.5.xsd"
	default-autowire="byName">
	
	<bean id="ordercore" class="com.alipay.zdal.client.config.bean.ZdalAppBean">
		<property name="appName" value="ordercore" />
		<property name="dbmode" value="dev" />
		<property name="appDataSourceList">
			<list>		
				<ref bean="ShardDataSource" />
			</list>
		</property>
	</bean>
	
	<bean id="ShardDataSource" class="com.alipay.zdal.client.config.bean.AppDataSourceBean">
		<property name="appDataSourceName" value="ShardDataSource" />
		<property name="dataBaseType" value="ORACLE" />
		<property name="configType" value="SHARD" />
		<property name="appRule" ref="testRule"/>
		<property name="physicalDataSourceSet">
			<set>
				<ref bean="physics_00" />
			</set>
		</property>
	</bean>
	
	<bean id="physics_00" class="com.alipay.zdal.client.config.bean.PhysicalDataSourceBean">
		<property name="name" value="master_0" />
		<property name="jdbcUrl" value="jdbc:oracle:thin:@100.66.159.208:1521:orcl" />
		<property name="userName" value="acmp2p" />
		<property name="password" value="acmp2p" />
		<property name="minConn" value="1" />
		<property name="maxConn" value="10" />
		<property name="blockingTimeoutMillis" value="180" />
		<property name="idleTimeoutMinutes" value="180" />
		<property name="preparedStatementCacheSize" value="100" />
		<property name="queryTimeout" value="180" />
		<property name="prefill" value="true" />
		<property name="connectionProperties">
			<map>
				<entry key="connectTimeout" value="500" />
				<entry key="autoReconnect" value="true" />
				<entry key="initialTimeout" value="1" />
				<entry key="maxReconnects" value="2" />
				<entry key="socketTimeout" value="5000" />
				<entry key="failOverReadOnly" value="false" />
			</map>
		</property>
	</bean>
</beans>