<!DOCTYPE web-app PUBLIC
 "-//Sun Microsystems, Inc.//DTD Web Application 2.3//EN"
 "http://java.sun.com/dtd/web-app_2_3.dtd" >

<web-app>

	<servlet>
		<servlet-class>Servlet.ServletTest</servlet-class>
		<servlet-name>ServletTest</servlet-name>
		<init-param>
			<param-name></param-name>
			<param-value></param-value>
		</init-param>
		<load-on-startup>1</load-on-startup>
	</servlet>
	
	
	<servlet-mapping>
		<servlet-name>ServletTest</servlet-name>
		<url-pattern>/ServletTest</url-pattern>
	</servlet-mapping>
</web-app>
